<?xml version="1.0" encoding="UTF-8"?>
<coverage generated="1696843254193" clover="3.2.0">
  <project timestamp="1696843254193" name="All files">
    <metrics statements="32" coveredstatements="25" conditionals="4" coveredconditionals="2" methods="14" coveredmethods="7" elements="50" coveredelements="34" complexity="0" loc="32" ncloc="32" packages="2" files="6" classes="6"/>
    <package name="components">
      <metrics statements="11" coveredstatements="9" conditionals="4" coveredconditionals="2" methods="6" coveredmethods="4"/>
      <file name="Header.jsx" path="C:\foodvillla\src\components\Header.jsx">
        <metrics statements="10" coveredstatements="8" conditionals="4" coveredconditionals="2" methods="5" coveredmethods="3"/>
        <line num="9" count="3" type="stmt"/>
        <line num="18" count="1" type="stmt"/>
        <line num="19" count="3" type="stmt"/>
        <line num="20" count="3" type="stmt"/>
        <line num="21" count="3" type="stmt"/>
        <line num="22" count="6" type="stmt"/>
        <line num="23" count="3" type="stmt"/>
        <line num="26" count="3" type="stmt"/>
        <line num="51" count="0" type="stmt"/>
        <line num="53" count="0" type="stmt"/>
      </file>
      <file name="sum.js" path="C:\foodvillla\src\components\sum.js">
        <metrics statements="1" coveredstatements="1" conditionals="0" coveredconditionals="0" methods="1" coveredmethods="1"/>
        <line num="1" count="3" type="stmt"/>
      </file>
    </package>
    <package name="utils">
      <metrics statements="21" coveredstatements="16" conditionals="0" coveredconditionals="0" methods="8" coveredmethods="3"/>
      <file name="UserContext.js" path="C:\foodvillla\src\utils\UserContext.js">
        <metrics statements="2" coveredstatements="2" conditionals="0" coveredconditionals="0" methods="0" coveredmethods="0"/>
        <line num="3" count="1" type="stmt"/>
        <line num="10" count="1" type="stmt"/>
      </file>
      <file name="cartSlice.js" path="C:\foodvillla\src\utils\cartSlice.js">
        <metrics statements="5" coveredstatements="2" conditionals="0" coveredconditionals="0" methods="3" coveredmethods="0"/>
        <line num="3" count="1" type="stmt"/>
        <line num="10" count="0" type="stmt"/>
        <line num="13" count="0" type="stmt"/>
        <line num="16" count="0" type="stmt"/>
        <line num="21" count="1" type="stmt"/>
      </file>
      <file name="store.js" path="C:\foodvillla\src\utils\store.js">
        <metrics statements="1" coveredstatements="1" conditionals="0" coveredconditionals="0" methods="0" coveredmethods="0"/>
        <line num="4" count="1" type="stmt"/>
      </file>
      <file name="useOnline.js" path="C:\foodvillla\src\utils\useOnline.js">
        <metrics statements="13" coveredstatements="11" conditionals="0" coveredconditionals="0" methods="5" coveredmethods="3"/>
        <line num="3" count="1" type="stmt"/>
        <line num="4" count="3" type="stmt"/>
        <line num="6" count="3" type="stmt"/>
        <line num="7" count="3" type="stmt"/>
        <line num="8" count="0" type="stmt"/>
        <line num="10" count="3" type="stmt"/>
        <line num="11" count="0" type="stmt"/>
        <line num="14" count="3" type="stmt"/>
        <line num="15" count="3" type="stmt"/>
        <line num="18" count="3" type="stmt"/>
        <line num="19" count="3" type="stmt"/>
        <line num="20" count="3" type="stmt"/>
        <line num="24" count="3" type="stmt"/>
      </file>
    </package>
  </project>
</coverage>
