TN:
SF:src\components\Header.jsx
FN:8,Title
FN:18,(anonymous_1)
FN:22,(anonymous_2)
FN:51,(anonymous_3)
FN:53,(anonymous_4)
FNF:5
FNH:3
FNDA:3,Title
FNDA:3,(anonymous_1)
FNDA:6,(anonymous_2)
FNDA:0,(anonymous_3)
FNDA:0,(anonymous_4)
DA:9,3
DA:18,1
DA:19,3
DA:20,3
DA:21,3
DA:22,6
DA:23,3
DA:26,3
DA:51,0
DA:53,0
LF:10
LH:8
BRDA:48,0,0,3
BRDA:48,0,1,0
BRDA:50,1,0,0
BRDA:50,1,1,3
BRF:4
BRH:2
end_of_record
TN:
SF:src\components\sum.js
FN:1,(anonymous_0)
FNF:1
FNH:1
FNDA:3,(anonymous_0)
DA:1,3
LF:1
LH:1
BRF:0
BRH:0
end_of_record
TN:
SF:src\utils\UserContext.js
FNF:0
FNH:0
DA:3,1
DA:10,1
LF:2
LH:2
BRF:0
BRH:0
end_of_record
TN:
SF:src\utils\cartSlice.js
FN:9,(anonymous_0)
FN:12,(anonymous_1)
FN:15,(anonymous_2)
FNF:3
FNH:0
FNDA:0,(anonymous_0)
FNDA:0,(anonymous_1)
FNDA:0,(anonymous_2)
DA:3,1
DA:10,0
DA:13,0
DA:16,0
DA:21,1
LF:5
LH:2
BRF:0
BRH:0
end_of_record
TN:
SF:src\utils\store.js
FNF:0
FNH:0
DA:4,1
LF:1
LH:1
BRF:0
BRH:0
end_of_record
TN:
SF:src\utils\useOnline.js
FN:3,(anonymous_0)
FN:6,(anonymous_1)
FN:7,(anonymous_2)
FN:10,(anonymous_3)
FN:18,(anonymous_4)
FNF:5
FNH:3
FNDA:3,(anonymous_0)
FNDA:3,(anonymous_1)
FNDA:0,(anonymous_2)
FNDA:0,(anonymous_3)
FNDA:3,(anonymous_4)
DA:3,1
DA:4,3
DA:6,3
DA:7,3
DA:8,0
DA:10,3
DA:11,0
DA:14,3
DA:15,3
DA:18,3
DA:19,3
DA:20,3
DA:24,3
LF:13
LH:11
BRF:0
BRH:0
end_of_record
